\BOOKMARK [0][-]{chapter.1}{\376\377\0001\000\040\000T\000h\000i\000s\000\040\000i\000s\000\040\000t\000h\000e\000\040\000<\000s\000t\000r\000o\000n\000g\000>\000H\000O\000M\000E\000P\000A\000G\000E\000<\000/\000s\000t\000r\000o\000n\000g\000>\000.}{}% 1
\BOOKMARK [1][-]{section.1.1}{\376\377\0001\000.\0001\000\040\000Q\000u\000i\000c\000k\000\040\000S\000t\000a\000r\000t\000\040\000N\000o\000t\000e\000s\000:}{chapter.1}% 2
\BOOKMARK [0][-]{chapter.2}{\376\377\0002\000\040\000\043\000\040\000P\000r\000o\000g\000r\000a\000m\000\040\000u\000s\000a\000g\000e}{}% 3
\BOOKMARK [1][-]{section.2.1}{\376\377\0002\000.\0001\000\040\000C\000o\000m\000m\000a\000n\000d\000s}{chapter.2}% 4
\BOOKMARK [0][-]{chapter.3}{\376\377\0003\000\040\000N\000a\000m\000e\000s\000p\000a\000c\000e\000\040\000I\000n\000d\000e\000x}{}% 5
\BOOKMARK [1][-]{section.3.1}{\376\377\0003\000.\0001\000\040\000P\000a\000c\000k\000a\000g\000e\000\040\000L\000i\000s\000t}{chapter.3}% 6
\BOOKMARK [0][-]{chapter.4}{\376\377\0004\000\040\000C\000l\000a\000s\000s\000\040\000I\000n\000d\000e\000x}{}% 7
\BOOKMARK [1][-]{section.4.1}{\376\377\0004\000.\0001\000\040\000C\000l\000a\000s\000s\000\040\000L\000i\000s\000t}{chapter.4}% 8
\BOOKMARK [0][-]{chapter.5}{\376\377\0005\000\040\000N\000a\000m\000e\000s\000p\000a\000c\000e\000\040\000D\000o\000c\000u\000m\000e\000n\000t\000a\000t\000i\000o\000n}{}% 9
\BOOKMARK [1][-]{section.5.1}{\376\377\0005\000.\0001\000\040\000e\000v\000e\000\137\000m\000a\000r\000k\000e\000t\000\040\000N\000a\000m\000e\000s\000p\000a\000c\000e\000\040\000R\000e\000f\000e\000r\000e\000n\000c\000e}{chapter.5}% 10
\BOOKMARK [0][-]{chapter.6}{\376\377\0006\000\040\000C\000l\000a\000s\000s\000\040\000D\000o\000c\000u\000m\000e\000n\000t\000a\000t\000i\000o\000n}{}% 11
\BOOKMARK [1][-]{section.6.1}{\376\377\0006\000.\0001\000\040\000e\000v\000e\000\137\000m\000a\000r\000k\000e\000t\000.\000C\000o\000n\000t\000r\000a\000c\000t\000I\000n\000t\000e\000r\000f\000a\000c\000e\000\040\000C\000l\000a\000s\000s\000\040\000R\000e\000f\000e\000r\000e\000n\000c\000e}{chapter.6}% 12
\BOOKMARK [2][-]{subsection.6.1.1}{\376\377\0006\000.\0001\000.\0001\000\040\000D\000e\000t\000a\000i\000l\000e\000d\000\040\000D\000e\000s\000c\000r\000i\000p\000t\000i\000o\000n}{section.6.1}% 13
\BOOKMARK [2][-]{subsection.6.1.2}{\376\377\0006\000.\0001\000.\0002\000\040\000C\000o\000n\000s\000t\000r\000u\000c\000t\000o\000r\000\040\000\046\000\040\000D\000e\000s\000t\000r\000u\000c\000t\000o\000r\000\040\000D\000o\000c\000u\000m\000e\000n\000t\000a\000t\000i\000o\000n}{section.6.1}% 14
\BOOKMARK [3][-]{subsubsection.6.1.2.1}{\376\377\0006\000.\0001\000.\0002\000.\0001\000\040\000C\000o\000n\000t\000r\000a\000c\000t\000I\000n\000t\000e\000r\000f\000a\000c\000e\000\050\000\051}{subsection.6.1.2}% 15
\BOOKMARK [2][-]{subsection.6.1.3}{\376\377\0006\000.\0001\000.\0003\000\040\000M\000e\000m\000b\000e\000r\000\040\000F\000u\000n\000c\000t\000i\000o\000n\000\040\000D\000o\000c\000u\000m\000e\000n\000t\000a\000t\000i\000o\000n}{section.6.1}% 16
\BOOKMARK [3][-]{subsubsection.6.1.3.1}{\376\377\0006\000.\0001\000.\0003\000.\0001\000\040\000G\000e\000t\000B\000i\000d\000S\000t\000r\000i\000n\000g\000s\000\050\000\051}{subsection.6.1.3}% 17
\BOOKMARK [3][-]{subsubsection.6.1.3.2}{\376\377\0006\000.\0001\000.\0003\000.\0002\000\040\000g\000e\000t\000C\000o\000n\000t\000r\000a\000c\000t\000I\000t\000e\000m\000S\000t\000r\000i\000n\000g\000\050\000\051}{subsection.6.1.3}% 18
\BOOKMARK [3][-]{subsubsection.6.1.3.3}{\376\377\0006\000.\0001\000.\0003\000.\0003\000\040\000H\000a\000n\000d\000l\000e\000C\000o\000n\000t\000r\000a\000c\000t\000s\000\050\000\051}{subsection.6.1.3}% 19
\BOOKMARK [3][-]{subsubsection.6.1.3.4}{\376\377\0006\000.\0001\000.\0003\000.\0004\000\040\000H\000a\000n\000d\000l\000e\000M\000y\000C\000o\000n\000t\000r\000a\000c\000t\000s\000\050\000\051}{subsection.6.1.3}% 20
\BOOKMARK [1][-]{section.6.2}{\376\377\0006\000.\0002\000\040\000e\000v\000e\000\137\000m\000a\000r\000k\000e\000t\000.\000M\000a\000i\000n\000E\000s\000i\000I\000n\000t\000e\000r\000f\000a\000c\000e\000\040\000C\000l\000a\000s\000s\000\040\000R\000e\000f\000e\000r\000e\000n\000c\000e}{chapter.6}% 21
\BOOKMARK [2][-]{subsection.6.2.1}{\376\377\0006\000.\0002\000.\0001\000\040\000D\000e\000t\000a\000i\000l\000e\000d\000\040\000D\000e\000s\000c\000r\000i\000p\000t\000i\000o\000n}{section.6.2}% 22
\BOOKMARK [2][-]{subsection.6.2.2}{\376\377\0006\000.\0002\000.\0002\000\040\000C\000o\000n\000s\000t\000r\000u\000c\000t\000o\000r\000\040\000\046\000\040\000D\000e\000s\000t\000r\000u\000c\000t\000o\000r\000\040\000D\000o\000c\000u\000m\000e\000n\000t\000a\000t\000i\000o\000n}{section.6.2}% 23
\BOOKMARK [3][-]{subsubsection.6.2.2.1}{\376\377\0006\000.\0002\000.\0002\000.\0001\000\040\000M\000a\000i\000n\000E\000s\000i\000I\000n\000t\000e\000r\000f\000a\000c\000e\000\050\000\051}{subsection.6.2.2}% 24
\BOOKMARK [2][-]{subsection.6.2.3}{\376\377\0006\000.\0002\000.\0003\000\040\000M\000e\000m\000b\000e\000r\000\040\000F\000u\000n\000c\000t\000i\000o\000n\000\040\000D\000o\000c\000u\000m\000e\000n\000t\000a\000t\000i\000o\000n}{section.6.2}% 25
\BOOKMARK [3][-]{subsubsection.6.2.3.1}{\376\377\0006\000.\0002\000.\0003\000.\0001\000\040\000C\000h\000e\000c\000k\000A\000u\000t\000h\000o\000r\000i\000z\000a\000t\000i\000o\000n\000\050\000\051}{subsection.6.2.3}% 26
\BOOKMARK [3][-]{subsubsection.6.2.3.2}{\376\377\0006\000.\0002\000.\0003\000.\0002\000\040\000G\000e\000n\000e\000r\000a\000t\000e\000S\000t\000a\000t\000e\000S\000t\000r\000i\000n\000g\000\050\000\051}{subsection.6.2.3}% 27
\BOOKMARK [3][-]{subsubsection.6.2.3.3}{\376\377\0006\000.\0002\000.\0003\000.\0003\000\040\000H\000a\000n\000d\000l\000e\000A\000u\000t\000h\000o\000r\000i\000z\000e\000\050\000\051}{subsection.6.2.3}% 28
\BOOKMARK [3][-]{subsubsection.6.2.3.4}{\376\377\0006\000.\0002\000.\0003\000.\0004\000\040\000H\000a\000n\000d\000l\000e\000H\000e\000l\000p\000\050\000\051}{subsection.6.2.3}% 29
\BOOKMARK [3][-]{subsubsection.6.2.3.5}{\376\377\0006\000.\0002\000.\0003\000.\0005\000\040\000H\000a\000n\000d\000l\000e\000L\000o\000g\000o\000u\000t\000\050\000\051}{subsection.6.2.3}% 30
\BOOKMARK [3][-]{subsubsection.6.2.3.6}{\376\377\0006\000.\0002\000.\0003\000.\0006\000\040\000I\000s\000I\000d\000F\000i\000e\000l\000d\000\050\000\051}{subsection.6.2.3}% 31
\BOOKMARK [3][-]{subsubsection.6.2.3.7}{\376\377\0006\000.\0002\000.\0003\000.\0007\000\040\000S\000t\000r\000i\000n\000g\000F\000r\000o\000m\000S\000l\000i\000c\000e\000\050\000\051}{subsection.6.2.3}% 32
\BOOKMARK [1][-]{section.6.3}{\376\377\0006\000.\0003\000\040\000e\000v\000e\000\137\000m\000a\000r\000k\000e\000t\000.\000M\000a\000r\000k\000e\000t\000I\000n\000t\000e\000r\000f\000a\000c\000e\000\040\000C\000l\000a\000s\000s\000\040\000R\000e\000f\000e\000r\000e\000n\000c\000e}{chapter.6}% 33
\BOOKMARK [2][-]{subsection.6.3.1}{\376\377\0006\000.\0003\000.\0001\000\040\000D\000e\000t\000a\000i\000l\000e\000d\000\040\000D\000e\000s\000c\000r\000i\000p\000t\000i\000o\000n}{section.6.3}% 34
\BOOKMARK [2][-]{subsection.6.3.2}{\376\377\0006\000.\0003\000.\0002\000\040\000C\000o\000n\000s\000t\000r\000u\000c\000t\000o\000r\000\040\000\046\000\040\000D\000e\000s\000t\000r\000u\000c\000t\000o\000r\000\040\000D\000o\000c\000u\000m\000e\000n\000t\000a\000t\000i\000o\000n}{section.6.3}% 35
\BOOKMARK [3][-]{subsubsection.6.3.2.1}{\376\377\0006\000.\0003\000.\0002\000.\0001\000\040\000M\000a\000r\000k\000e\000t\000I\000n\000t\000e\000r\000f\000a\000c\000e\000\050\000\051}{subsection.6.3.2}% 36
\BOOKMARK [2][-]{subsection.6.3.3}{\376\377\0006\000.\0003\000.\0003\000\040\000M\000e\000m\000b\000e\000r\000\040\000F\000u\000n\000c\000t\000i\000o\000n\000\040\000D\000o\000c\000u\000m\000e\000n\000t\000a\000t\000i\000o\000n}{section.6.3}% 37
\BOOKMARK [3][-]{subsubsection.6.3.3.1}{\376\377\0006\000.\0003\000.\0003\000.\0001\000\040\000H\000a\000n\000d\000l\000e\000A\000s\000s\000e\000t\000s\000\050\000\051}{subsection.6.3.3}% 38
\BOOKMARK [3][-]{subsubsection.6.3.3.2}{\376\377\0006\000.\0003\000.\0003\000.\0002\000\040\000H\000a\000n\000d\000l\000e\000D\000e\000f\000a\000u\000l\000t\000s\000\050\000\051}{subsection.6.3.3}% 39
\BOOKMARK [3][-]{subsubsection.6.3.3.3}{\376\377\0006\000.\0003\000.\0003\000.\0003\000\040\000H\000a\000n\000d\000l\000e\000H\000i\000s\000t\000o\000r\000y\000\050\000\051}{subsection.6.3.3}% 40
\BOOKMARK [3][-]{subsubsection.6.3.3.4}{\376\377\0006\000.\0003\000.\0003\000.\0004\000\040\000H\000a\000n\000d\000l\000e\000M\000y\000O\000r\000d\000e\000r\000s\000\050\000\051}{subsection.6.3.3}% 41
\BOOKMARK [3][-]{subsubsection.6.3.3.5}{\376\377\0006\000.\0003\000.\0003\000.\0005\000\040\000H\000a\000n\000d\000l\000e\000O\000r\000d\000e\000r\000H\000i\000s\000t\000o\000r\000y\000\050\000\051}{subsection.6.3.3}% 42
\BOOKMARK [3][-]{subsubsection.6.3.3.6}{\376\377\0006\000.\0003\000.\0003\000.\0006\000\040\000H\000a\000n\000d\000l\000e\000O\000r\000d\000e\000r\000s\000\050\000\051}{subsection.6.3.3}% 43
\BOOKMARK [3][-]{subsubsection.6.3.3.7}{\376\377\0006\000.\0003\000.\0003\000.\0007\000\040\000H\000a\000n\000d\000l\000e\000T\000r\000a\000n\000s\000a\000c\000t\000i\000o\000n\000s\000\050\000\051}{subsection.6.3.3}% 44
\BOOKMARK [3][-]{subsubsection.6.3.3.8}{\376\377\0006\000.\0003\000.\0003\000.\0008\000\040\000H\000a\000n\000d\000l\000e\000W\000a\000l\000l\000e\000t\000\050\000\051}{subsection.6.3.3}% 45
\BOOKMARK [3][-]{subsubsection.6.3.3.9}{\376\377\0006\000.\0003\000.\0003\000.\0009\000\040\000S\000o\000r\000t\000I\000t\000e\000m\000s\000\050\000\051}{subsection.6.3.3}% 46
\BOOKMARK [3][-]{subsubsection.6.3.3.10}{\376\377\0006\000.\0003\000.\0003\000.\0001\0000\000\040\000S\000o\000r\000t\000O\000r\000d\000e\000r\000s\000\050\000\051}{subsection.6.3.3}% 47
\BOOKMARK [1][-]{section.6.4}{\376\377\0006\000.\0004\000\040\000e\000v\000e\000\137\000m\000a\000r\000k\000e\000t\000.\000P\000r\000i\000n\000t\000e\000r\000\040\000C\000l\000a\000s\000s\000\040\000R\000e\000f\000e\000r\000e\000n\000c\000e}{chapter.6}% 48
\BOOKMARK [2][-]{subsection.6.4.1}{\376\377\0006\000.\0004\000.\0001\000\040\000D\000e\000t\000a\000i\000l\000e\000d\000\040\000D\000e\000s\000c\000r\000i\000p\000t\000i\000o\000n}{section.6.4}% 49
\BOOKMARK [2][-]{subsection.6.4.2}{\376\377\0006\000.\0004\000.\0002\000\040\000C\000o\000n\000s\000t\000r\000u\000c\000t\000o\000r\000\040\000\046\000\040\000D\000e\000s\000t\000r\000u\000c\000t\000o\000r\000\040\000D\000o\000c\000u\000m\000e\000n\000t\000a\000t\000i\000o\000n}{section.6.4}% 50
\BOOKMARK [3][-]{subsubsection.6.4.2.1}{\376\377\0006\000.\0004\000.\0002\000.\0001\000\040\000P\000r\000i\000n\000t\000e\000r\000\050\000\051}{subsection.6.4.2}% 51
\BOOKMARK [2][-]{subsection.6.4.3}{\376\377\0006\000.\0004\000.\0003\000\040\000M\000e\000m\000b\000e\000r\000\040\000F\000u\000n\000c\000t\000i\000o\000n\000\040\000D\000o\000c\000u\000m\000e\000n\000t\000a\000t\000i\000o\000n}{section.6.4}% 52
\BOOKMARK [3][-]{subsubsection.6.4.3.1}{\376\377\0006\000.\0004\000.\0003\000.\0001\000\040\000P\000r\000i\000n\000t\000C\000o\000n\000t\000r\000a\000c\000t\000s\000\050\000\051}{subsection.6.4.3}% 53
\BOOKMARK [3][-]{subsubsection.6.4.3.2}{\376\377\0006\000.\0004\000.\0003\000.\0002\000\040\000P\000r\000i\000n\000t\000L\000i\000n\000e\000\050\000\051\000\040\000[\0001\000/\0002\000]}{subsection.6.4.3}% 54
\BOOKMARK [3][-]{subsubsection.6.4.3.3}{\376\377\0006\000.\0004\000.\0003\000.\0003\000\040\000P\000r\000i\000n\000t\000L\000i\000n\000e\000\050\000\051\000\040\000[\0002\000/\0002\000]}{subsection.6.4.3}% 55
\BOOKMARK [3][-]{subsubsection.6.4.3.4}{\376\377\0006\000.\0004\000.\0003\000.\0004\000\040\000P\000r\000i\000n\000t\000O\000b\000j\000L\000i\000s\000t\000<\000\040\000T\000\040\000>\000\050\000\051}{subsection.6.4.3}% 56
\BOOKMARK [3][-]{subsubsection.6.4.3.5}{\376\377\0006\000.\0004\000.\0003\000.\0005\000\040\000P\000r\000i\000n\000t\000T\000a\000b\000l\000e\000H\000e\000a\000d\000e\000r\000\050\000\051}{subsection.6.4.3}% 57
\BOOKMARK [1][-]{section.6.5}{\376\377\0006\000.\0005\000\040\000e\000v\000e\000\137\000m\000a\000r\000k\000e\000t\000.\000P\000r\000o\000g\000r\000a\000m\000\040\000C\000l\000a\000s\000s\000\040\000R\000e\000f\000e\000r\000e\000n\000c\000e}{chapter.6}% 58
\BOOKMARK [2][-]{subsection.6.5.1}{\376\377\0006\000.\0005\000.\0001\000\040\000M\000e\000m\000b\000e\000r\000\040\000F\000u\000n\000c\000t\000i\000o\000n\000\040\000D\000o\000c\000u\000m\000e\000n\000t\000a\000t\000i\000o\000n}{section.6.5}% 59
\BOOKMARK [3][-]{subsubsection.6.5.1.1}{\376\377\0006\000.\0005\000.\0001\000.\0001\000\040\000P\000a\000r\000s\000e\000I\000n\000p\000u\000t\000\050\000\051}{subsection.6.5.1}% 60
\BOOKMARK [1][-]{section.6.6}{\376\377\0006\000.\0006\000\040\000e\000v\000e\000\137\000m\000a\000r\000k\000e\000t\000.\000U\000n\000i\000v\000e\000r\000s\000e\000I\000n\000t\000e\000r\000f\000a\000c\000e\000\040\000C\000l\000a\000s\000s\000\040\000R\000e\000f\000e\000r\000e\000n\000c\000e}{chapter.6}% 61
\BOOKMARK [2][-]{subsection.6.6.1}{\376\377\0006\000.\0006\000.\0001\000\040\000D\000e\000t\000a\000i\000l\000e\000d\000\040\000D\000e\000s\000c\000r\000i\000p\000t\000i\000o\000n}{section.6.6}% 62
\BOOKMARK [2][-]{subsection.6.6.2}{\376\377\0006\000.\0006\000.\0002\000\040\000C\000o\000n\000s\000t\000r\000u\000c\000t\000o\000r\000\040\000\046\000\040\000D\000e\000s\000t\000r\000u\000c\000t\000o\000r\000\040\000D\000o\000c\000u\000m\000e\000n\000t\000a\000t\000i\000o\000n}{section.6.6}% 63
\BOOKMARK [3][-]{subsubsection.6.6.2.1}{\376\377\0006\000.\0006\000.\0002\000.\0001\000\040\000U\000n\000i\000v\000e\000r\000s\000e\000I\000n\000t\000e\000r\000f\000a\000c\000e\000\050\000\051}{subsection.6.6.2}% 64
\BOOKMARK [2][-]{subsection.6.6.3}{\376\377\0006\000.\0006\000.\0003\000\040\000M\000e\000m\000b\000e\000r\000\040\000F\000u\000n\000c\000t\000i\000o\000n\000\040\000D\000o\000c\000u\000m\000e\000n\000t\000a\000t\000i\000o\000n}{section.6.6}% 65
\BOOKMARK [3][-]{subsubsection.6.6.3.1}{\376\377\0006\000.\0006\000.\0003\000.\0001\000\040\000C\000o\000n\000t\000r\000a\000c\000t\000I\000d\000T\000o\000N\000a\000m\000e\000\050\000\051}{subsection.6.6.3}% 66
\BOOKMARK [3][-]{subsubsection.6.6.3.2}{\376\377\0006\000.\0006\000.\0003\000.\0002\000\040\000F\000i\000n\000d\000R\000e\000g\000i\000o\000n\000\050\000\051}{subsection.6.6.3}% 67
\BOOKMARK [3][-]{subsubsection.6.6.3.3}{\376\377\0006\000.\0006\000.\0003\000.\0003\000\040\000H\000a\000n\000d\000l\000e\000I\000n\000f\000o\000\050\000\051}{subsection.6.6.3}% 68
\BOOKMARK [3][-]{subsubsection.6.6.3.4}{\376\377\0006\000.\0006\000.\0003\000.\0004\000\040\000I\000d\000T\000o\000N\000a\000m\000e\000\050\000\051\000\040\000[\0001\000/\0002\000]}{subsection.6.6.3}% 69
\BOOKMARK [3][-]{subsubsection.6.6.3.5}{\376\377\0006\000.\0006\000.\0003\000.\0005\000\040\000I\000d\000T\000o\000N\000a\000m\000e\000\050\000\051\000\040\000[\0002\000/\0002\000]}{subsection.6.6.3}% 70
\BOOKMARK [3][-]{subsubsection.6.6.3.6}{\376\377\0006\000.\0006\000.\0003\000.\0006\000\040\000N\000a\000m\000e\000T\000o\000I\000d\000\050\000\051}{subsection.6.6.3}% 71
\BOOKMARK [3][-]{subsubsection.6.6.3.7}{\376\377\0006\000.\0006\000.\0003\000.\0007\000\040\000P\000r\000i\000n\000t\000I\000t\000e\000m\000I\000n\000f\000o\000\050\000\051}{subsection.6.6.3}% 72
\BOOKMARK [3][-]{subsubsection.6.6.3.8}{\376\377\0006\000.\0006\000.\0003\000.\0008\000\040\000S\000e\000a\000r\000c\000h\000N\000a\000m\000e\000\050\000\051}{subsection.6.6.3}% 73
\BOOKMARK [0][-]{section*.15}{\376\377\000I\000n\000d\000e\000x}{}% 74
